# JRE version: OpenJDK Runtime Environment (8.0_242-b01) (build 1.8.0_242-release-1644-b01)
# Java VM: OpenJDK 64-Bit Server VM (25.242-b01 mixed mode windows-amd64 compressed oops)
Heap:
 PSYoungGen      total 102400K, used 13827K [0x00000000e0000000, 0x00000000e6800000, 0x0000000100000000)
  eden space 98304K, 14% used [0x00000000e0000000,0x00000000e0d80d08,0x00000000e6000000)
  from space 4096K, 0% used [0x00000000e6000000,0x00000000e6000000,0x00000000e6400000)
  to   space 4096K, 0% used [0x00000000e6400000,0x00000000e6400000,0x00000000e6800000)
 ParOldGen       total 81408K, used 16964K [0x00000000a0000000, 0x00000000a4f80000, 0x00000000e0000000)
  object space 81408K, 20% used [0x00000000a0000000,0x00000000a1091178,0x00000000a4f80000)
 Metaspace       used 34797K, capacity 35912K, committed 36096K, reserved 1081344K
  class space    used 4774K, capacity 5007K, committed 5120K, reserved 1048576K
GC Heap History (10 events):
Event: 7.237 GC heap before
{Heap before GC invocations=5 (full 0):
 PSYoungGen      total 102400K, used 76912K [0x00000000e0000000, 0x00000000e6800000, 0x0000000100000000)
  eden space 98304K, 74% used [0x00000000e0000000,0x00000000e4724200,0x00000000e6000000)
  from space 4096K, 99% used [0x00000000e6400000,0x00000000e67f8040,0x00000000e6800000)
  to   space 4096K, 0% used [0x00000000e6000000,0x00000000e6000000,0x00000000e6400000)
 ParOldGen       total 65536K, used 7610K [0x00000000a0000000, 0x00000000a4000000, 0x00000000e0000000)
  object space 65536K, 11% used [0x00000000a0000000,0x00000000a076e900,0x00000000a4000000)
 Metaspace       used 20614K, capacity 21250K, committed 21296K, reserved 1067008K
  class space    used 2962K, capacity 3175K, committed 3200K, reserved 1048576K
Event: 7.250 GC heap after
Heap after GC invocations=5 (full 0):
 PSYoungGen      total 102400K, used 4064K [0x00000000e0000000, 0x00000000e6800000, 0x0000000100000000)
  eden space 98304K, 0% used [0x00000000e0000000,0x00000000e0000000,0x00000000e6000000)
  from space 4096K, 99% used [0x00000000e6000000,0x00000000e63f8030,0x00000000e6400000)
  to   space 4096K, 0% used [0x00000000e6400000,0x00000000e6400000,0x00000000e6800000)
 ParOldGen       total 65536K, used 13827K [0x00000000a0000000, 0x00000000a4000000, 0x00000000e0000000)
  object space 65536K, 21% used [0x00000000a0000000,0x00000000a0d80da8,0x00000000a4000000)
 Metaspace       used 20614K, capacity 21250K, committed 21296K, reserved 1067008K
  class space    used 2962K, capacity 3175K, committed 3200K, reserved 1048576K
}
Event: 7.250 GC heap before
{Heap before GC invocations=6 (full 1):
 PSYoungGen      total 102400K, used 4064K [0x00000000e0000000, 0x00000000e6800000, 0x0000000100000000)
  eden space 98304K, 0% used [0x00000000e0000000,0x00000000e0000000,0x00000000e6000000)
  from space 4096K, 99% used [0x00000000e6000000,0x00000000e63f8030,0x00000000e6400000)
  to   space 4096K, 0% used [0x00000000e6400000,0x00000000e6400000,0x00000000e6800000)
 ParOldGen       total 65536K, used 13827K [0x00000000a0000000, 0x00000000a4000000, 0x00000000e0000000)
  object space 65536K, 21% used [0x00000000a0000000,0x00000000a0d80da8,0x00000000a4000000)
 Metaspace       used 20614K, capacity 21250K, committed 21296K, reserved 1067008K
  class space    used 2962K, capacity 3175K, committed 3200K, reserved 1048576K
Event: 7.308 GC heap after
Heap after GC invocations=6 (full 1):
 PSYoungGen      total 102400K, used 0K [0x00000000e0000000, 0x00000000e6800000, 0x0000000100000000)
  eden space 98304K, 0% used [0x00000000e0000000,0x00000000e0000000,0x00000000e6000000)
  from space 4096K, 0% used [0x00000000e6000000,0x00000000e6000000,0x00000000e6400000)
  to   space 4096K, 0% used [0x00000000e6400000,0x00000000e6400000,0x00000000e6800000)
 ParOldGen       total 53248K, used 11161K [0x00000000a0000000, 0x00000000a3400000, 0x00000000e0000000)
  object space 53248K, 20% used [0x00000000a0000000,0x00000000a0ae6450,0x00000000a3400000)
 Metaspace       used 20614K, capacity 21250K, committed 21296K, reserved 1067008K
  class space    used 2962K, capacity 3175K, committed 3200K, reserved 1048576K
}
Event: 9.783 GC heap before
{Heap before GC invocations=7 (full 1):
 PSYoungGen      total 102400K, used 98304K [0x00000000e0000000, 0x00000000e6800000, 0x0000000100000000)
  eden space 98304K, 100% used [0x00000000e0000000,0x00000000e6000000,0x00000000e6000000)
  from space 4096K, 0% used [0x00000000e6000000,0x00000000e6000000,0x00000000e6400000)
  to   space 4096K, 0% used [0x00000000e6400000,0x00000000e6400000,0x00000000e6800000)
 ParOldGen       total 53248K, used 11161K [0x00000000a0000000, 0x00000000a3400000, 0x00000000e0000000)
  object space 53248K, 20% used [0x00000000a0000000,0x00000000a0ae6450,0x00000000a3400000)
 Metaspace       used 30968K, capacity 31882K, committed 32256K, reserved 1077248K
  class space    used 4254K, capacity 4503K, committed 4608K, reserved 1048576K
Event: 9.804 GC heap after
Heap after GC invocations=7 (full 1):
 PSYoungGen      total 102400K, used 4096K [0x00000000e0000000, 0x00000000e6800000, 0x0000000100000000)
  eden space 98304K, 0% used [0x00000000e0000000,0x00000000e0000000,0x00000000e6000000)
  from space 4096K, 100% used [0x00000000e6400000,0x00000000e6800000,0x00000000e6800000)
  to   space 4096K, 0% used [0x00000000e6000000,0x00000000e6000000,0x00000000e6400000)
 ParOldGen       total 53248K, used 18600K [0x00000000a0000000, 0x00000000a3400000, 0x00000000e0000000)
  object space 53248K, 34% used [0x00000000a0000000,0x00000000a122a0e0,0x00000000a3400000)
 Metaspace       used 30968K, capacity 31882K, committed 32256K, reserved 1077248K
  class space    used 4254K, capacity 4503K, committed 4608K, reserved 1048576K
}
Event: 10.920 GC heap before
{Heap before GC invocations=8 (full 1):
 PSYoungGen      total 102400K, used 67800K [0x00000000e0000000, 0x00000000e6800000, 0x0000000100000000)
  eden space 98304K, 64% used [0x00000000e0000000,0x00000000e3e36358,0x00000000e6000000)
  from space 4096K, 100% used [0x00000000e6400000,0x00000000e6800000,0x00000000e6800000)
  to   space 4096K, 0% used [0x00000000e6000000,0x00000000e6000000,0x00000000e6400000)
 ParOldGen       total 53248K, used 18600K [0x00000000a0000000, 0x00000000a3400000, 0x00000000e0000000)
  object space 53248K, 34% used [0x00000000a0000000,0x00000000a122a0e0,0x00000000a3400000)
 Metaspace       used 34298K, capacity 35342K, committed 35456K, reserved 1079296K
  class space    used 4697K, capacity 4928K, committed 4992K, reserved 1048576K
Event: 10.935 GC heap after
Heap after GC invocations=8 (full 1):
 PSYoungGen      total 102400K, used 4096K [0x00000000e0000000, 0x00000000e6800000, 0x0000000100000000)
  eden space 98304K, 0% used [0x00000000e0000000,0x00000000e0000000,0x00000000e6000000)
  from space 4096K, 100% used [0x00000000e6000000,0x00000000e6400000,0x00000000e6400000)
  to   space 4096K, 0% used [0x00000000e6400000,0x00000000e6400000,0x00000000e6800000)
 ParOldGen       total 53248K, used 23406K [0x00000000a0000000, 0x00000000a3400000, 0x00000000e0000000)
  object space 53248K, 43% used [0x00000000a0000000,0x00000000a16dbbd8,0x00000000a3400000)
 Metaspace       used 34298K, capacity 35342K, committed 35456K, reserved 1079296K
  class space    used 4697K, capacity 4928K, committed 4992K, reserved 1048576K
}
Event: 10.935 GC heap before
{Heap before GC invocations=9 (full 2):
 PSYoungGen      total 102400K, used 4096K [0x00000000e0000000, 0x00000000e6800000, 0x0000000100000000)
  eden space 98304K, 0% used [0x00000000e0000000,0x00000000e0000000,0x00000000e6000000)
  from space 4096K, 100% used [0x00000000e6000000,0x00000000e6400000,0x00000000e6400000)
  to   space 4096K, 0% used [0x00000000e6400000,0x00000000e6400000,0x00000000e6800000)
 ParOldGen       total 53248K, used 23406K [0x00000000a0000000, 0x00000000a3400000, 0x00000000e0000000)
  object space 53248K, 43% used [0x00000000a0000000,0x00000000a16dbbd8,0x00000000a3400000)
 Metaspace       used 34298K, capacity 35342K, committed 35456K, reserved 1079296K
  class space    used 4697K, capacity 4928K, committed 4992K, reserved 1048576K
Event: 11.031 GC heap after
Heap after GC invocations=9 (full 2):
 PSYoungGen      total 102400K, used 0K [0x00000000e0000000, 0x00000000e6800000, 0x0000000100000000)
  eden space 98304K, 0% used [0x00000000e0000000,0x00000000e0000000,0x00000000e6000000)
  from space 4096K, 0% used [0x00000000e6000000,0x00000000e6000000,0x00000000e6400000)
  to   space 4096K, 0% used [0x00000000e6400000,0x00000000e6400000,0x00000000e6800000)
 ParOldGen       total 81408K, used 16964K [0x00000000a0000000, 0x00000000a4f80000, 0x00000000e0000000)
  object space 81408K, 20% used [0x00000000a0000000,0x00000000a1091178,0x00000000a4f80000)
 Metaspace       used 34298K, capacity 35342K, committed 35456K, reserved 1079296K
  class space    used 4697K, capacity 4928K, committed 4992K, reserved 1048576K
}

