# JRE version: OpenJDK Runtime Environment (8.0_242-b01) (build 1.8.0_242-release-1644-b01)
# Java VM: OpenJDK 64-Bit Server VM (25.242-b01 mixed mode windows-amd64 compressed oops)
Heap:
 PSYoungGen      total 316928K, used 233987K [0x00000000e0000000, 0x00000000f5980000, 0x0000000100000000)
  eden space 296448K, 78% used [0x00000000e0000000,0x00000000ee480d00,0x00000000f2180000)
  from space 20480K, 0% used [0x00000000f3580000,0x00000000f3580000,0x00000000f4980000)
  to   space 20480K, 0% used [0x00000000f2180000,0x00000000f2180000,0x00000000f3580000)
 ParOldGen       total 104448K, used 32513K [0x00000000a0000000, 0x00000000a6600000, 0x00000000e0000000)
  object space 104448K, 31% used [0x00000000a0000000,0x00000000a1fc06e8,0x00000000a6600000)
 Metaspace       used 68820K, capacity 72048K, committed 72192K, reserved 1112064K
  class space    used 9435K, capacity 10139K, committed 10240K, reserved 1048576K
GC Heap History (10 events):
Event: 11.921 GC heap before
{Heap before GC invocations=11 (full 2):
 PSYoungGen      total 200704K, used 10235K [0x00000000e0000000, 0x00000000ef500000, 0x0000000100000000)
  eden space 188416K, 0% used [0x00000000e0000000,0x00000000e0000000,0x00000000eb800000)
  from space 12288K, 83% used [0x00000000eb800000,0x00000000ec1feff0,0x00000000ec400000)
  to   space 12800K, 0% used [0x00000000ee880000,0x00000000ee880000,0x00000000ef500000)
 ParOldGen       total 44032K, used 9864K [0x00000000a0000000, 0x00000000a2b00000, 0x00000000e0000000)
  object space 44032K, 22% used [0x00000000a0000000,0x00000000a09a2300,0x00000000a2b00000)
 Metaspace       used 34364K, capacity 35346K, committed 35456K, reserved 1079296K
  class space    used 4703K, capacity 4928K, committed 4992K, reserved 1048576K
Event: 11.984 GC heap after
Heap after GC invocations=11 (full 2):
 PSYoungGen      total 200704K, used 0K [0x00000000e0000000, 0x00000000ef500000, 0x0000000100000000)
  eden space 188416K, 0% used [0x00000000e0000000,0x00000000e0000000,0x00000000eb800000)
  from space 12288K, 0% used [0x00000000eb800000,0x00000000eb800000,0x00000000ec400000)
  to   space 12800K, 0% used [0x00000000ee880000,0x00000000ee880000,0x00000000ef500000)
 ParOldGen       total 66560K, used 16848K [0x00000000a0000000, 0x00000000a4100000, 0x00000000e0000000)
  object space 66560K, 25% used [0x00000000a0000000,0x00000000a1074090,0x00000000a4100000)
 Metaspace       used 34364K, capacity 35346K, committed 35456K, reserved 1079296K
  class space    used 4703K, capacity 4928K, committed 4992K, reserved 1048576K
}
Event: 15.427 GC heap before
{Heap before GC invocations=12 (full 2):
 PSYoungGen      total 200704K, used 188416K [0x00000000e0000000, 0x00000000ef500000, 0x0000000100000000)
  eden space 188416K, 100% used [0x00000000e0000000,0x00000000eb800000,0x00000000eb800000)
  from space 12288K, 0% used [0x00000000eb800000,0x00000000eb800000,0x00000000ec400000)
  to   space 12800K, 0% used [0x00000000ee880000,0x00000000ee880000,0x00000000ef500000)
 ParOldGen       total 66560K, used 16848K [0x00000000a0000000, 0x00000000a4100000, 0x00000000e0000000)
  object space 66560K, 25% used [0x00000000a0000000,0x00000000a1074090,0x00000000a4100000)
 Metaspace       used 43026K, capacity 44766K, committed 44800K, reserved 1087488K
  class space    used 5778K, capacity 6134K, committed 6144K, reserved 1048576K
Event: 15.454 GC heap after
Heap after GC invocations=12 (full 2):
 PSYoungGen      total 236544K, used 12274K [0x00000000e0000000, 0x00000000f1080000, 0x0000000100000000)
  eden space 223744K, 0% used [0x00000000e0000000,0x00000000e0000000,0x00000000eda80000)
  from space 12800K, 95% used [0x00000000ee880000,0x00000000ef47c9f8,0x00000000ef500000)
  to   space 14336K, 0% used [0x00000000eda80000,0x00000000eda80000,0x00000000ee880000)
 ParOldGen       total 66560K, used 16856K [0x00000000a0000000, 0x00000000a4100000, 0x00000000e0000000)
  object space 66560K, 25% used [0x00000000a0000000,0x00000000a1076090,0x00000000a4100000)
 Metaspace       used 43026K, capacity 44766K, committed 44800K, reserved 1087488K
  class space    used 5778K, capacity 6134K, committed 6144K, reserved 1048576K
}
Event: 20.337 GC heap before
{Heap before GC invocations=13 (full 2):
 PSYoungGen      total 236544K, used 236018K [0x00000000e0000000, 0x00000000f1080000, 0x0000000100000000)
  eden space 223744K, 100% used [0x00000000e0000000,0x00000000eda80000,0x00000000eda80000)
  from space 12800K, 95% used [0x00000000ee880000,0x00000000ef47c9f8,0x00000000ef500000)
  to   space 14336K, 0% used [0x00000000eda80000,0x00000000eda80000,0x00000000ee880000)
 ParOldGen       total 66560K, used 16856K [0x00000000a0000000, 0x00000000a4100000, 0x00000000e0000000)
  object space 66560K, 25% used [0x00000000a0000000,0x00000000a1076090,0x00000000a4100000)
 Metaspace       used 55504K, capacity 57874K, committed 58112K, reserved 1099776K
  class space    used 7328K, capacity 7837K, committed 7936K, reserved 1048576K
Event: 20.396 GC heap after
Heap after GC invocations=13 (full 2):
 PSYoungGen      total 238080K, used 14308K [0x00000000e0000000, 0x00000000f4980000, 0x0000000100000000)
  eden space 223744K, 0% used [0x00000000e0000000,0x00000000e0000000,0x00000000eda80000)
  from space 14336K, 99% used [0x00000000eda80000,0x00000000ee879138,0x00000000ee880000)
  to   space 20480K, 0% used [0x00000000f3580000,0x00000000f3580000,0x00000000f4980000)
 ParOldGen       total 66560K, used 27426K [0x00000000a0000000, 0x00000000a4100000, 0x00000000e0000000)
  object space 66560K, 41% used [0x00000000a0000000,0x00000000a1ac8bd0,0x00000000a4100000)
 Metaspace       used 55504K, capacity 57874K, committed 58112K, reserved 1099776K
  class space    used 7328K, capacity 7837K, committed 7936K, reserved 1048576K
}
Event: 21.297 GC heap before
{Heap before GC invocations=14 (full 2):
 PSYoungGen      total 238080K, used 31665K [0x00000000e0000000, 0x00000000f4980000, 0x0000000100000000)
  eden space 223744K, 7% used [0x00000000e0000000,0x00000000e10f33e8,0x00000000eda80000)
  from space 14336K, 99% used [0x00000000eda80000,0x00000000ee879138,0x00000000ee880000)
  to   space 20480K, 0% used [0x00000000f3580000,0x00000000f3580000,0x00000000f4980000)
 ParOldGen       total 66560K, used 27426K [0x00000000a0000000, 0x00000000a4100000, 0x00000000e0000000)
  object space 66560K, 41% used [0x00000000a0000000,0x00000000a1ac8bd0,0x00000000a4100000)
 Metaspace       used 56625K, capacity 58946K, committed 59096K, reserved 1099776K
  class space    used 7477K, capacity 7975K, committed 8064K, reserved 1048576K
Event: 21.343 GC heap after
Heap after GC invocations=14 (full 2):
 PSYoungGen      total 316928K, used 2038K [0x00000000e0000000, 0x00000000f5980000, 0x0000000100000000)
  eden space 296448K, 0% used [0x00000000e0000000,0x00000000e0000000,0x00000000f2180000)
  from space 20480K, 9% used [0x00000000f3580000,0x00000000f377d9a0,0x00000000f4980000)
  to   space 20480K, 0% used [0x00000000f2180000,0x00000000f2180000,0x00000000f3580000)
 ParOldGen       total 66560K, used 39118K [0x00000000a0000000, 0x00000000a4100000, 0x00000000e0000000)
  object space 66560K, 58% used [0x00000000a0000000,0x00000000a2633808,0x00000000a4100000)
 Metaspace       used 56625K, capacity 58946K, committed 59096K, reserved 1099776K
  class space    used 7477K, capacity 7975K, committed 8064K, reserved 1048576K
}
Event: 21.343 GC heap before
{Heap before GC invocations=15 (full 3):
 PSYoungGen      total 316928K, used 2038K [0x00000000e0000000, 0x00000000f5980000, 0x0000000100000000)
  eden space 296448K, 0% used [0x00000000e0000000,0x00000000e0000000,0x00000000f2180000)
  from space 20480K, 9% used [0x00000000f3580000,0x00000000f377d9a0,0x00000000f4980000)
  to   space 20480K, 0% used [0x00000000f2180000,0x00000000f2180000,0x00000000f3580000)
 ParOldGen       total 66560K, used 39118K [0x00000000a0000000, 0x00000000a4100000, 0x00000000e0000000)
  object space 66560K, 58% used [0x00000000a0000000,0x00000000a2633808,0x00000000a4100000)
 Metaspace       used 56625K, capacity 58946K, committed 59096K, reserved 1099776K
  class space    used 7477K, capacity 7975K, committed 8064K, reserved 1048576K
Event: 21.972 GC heap after
Heap after GC invocations=15 (full 3):
 PSYoungGen      total 316928K, used 0K [0x00000000e0000000, 0x00000000f5980000, 0x0000000100000000)
  eden space 296448K, 0% used [0x00000000e0000000,0x00000000e0000000,0x00000000f2180000)
  from space 20480K, 0% used [0x00000000f3580000,0x00000000f3580000,0x00000000f4980000)
  to   space 20480K, 0% used [0x00000000f2180000,0x00000000f2180000,0x00000000f3580000)
 ParOldGen       total 104448K, used 32513K [0x00000000a0000000, 0x00000000a6600000, 0x00000000e0000000)
  object space 104448K, 31% used [0x00000000a0000000,0x00000000a1fc06e8,0x00000000a6600000)
 Metaspace       used 56553K, capacity 58718K, committed 59096K, reserved 1099776K
  class space    used 7457K, capacity 7917K, committed 8064K, reserved 1048576K
}

