# JRE version: OpenJDK Runtime Environment (8.0_242-b01) (build 1.8.0_242-release-1644-b01)
# Java VM: OpenJDK 64-Bit Server VM (25.242-b01 mixed mode windows-amd64 compressed oops)
Heap:
 PSYoungGen      total 71680K, used 10886K [0x00000000e0000000, 0x00000000e5480000, 0x0000000100000000)
  eden space 64512K, 5% used [0x00000000e0000000,0x00000000e03a9768,0x00000000e3f00000)
  from space 7168K, 99% used [0x00000000e4680000,0x00000000e4d78128,0x00000000e4d80000)
  to   space 5120K, 0% used [0x00000000e4f80000,0x00000000e4f80000,0x00000000e5480000)
 ParOldGen       total 44544K, used 10654K [0x00000000a0000000, 0x00000000a2b80000, 0x00000000e0000000)
  object space 44544K, 23% used [0x00000000a0000000,0x00000000a0a67a30,0x00000000a2b80000)
 Metaspace       used 32142K, capacity 33134K, committed 33280K, reserved 1077248K
  class space    used 4467K, capacity 4737K, committed 4864K, reserved 1048576K
GC Heap History (10 events):
Event: 4.628 GC heap before
{Heap before GC invocations=8 (full 0):
 PSYoungGen      total 31232K, used 27752K [0x00000000e0000000, 0x00000000e3c00000, 0x0000000100000000)
  eden space 23040K, 100% used [0x00000000e0000000,0x00000000e1680000,0x00000000e1680000)
  from space 8192K, 57% used [0x00000000e1680000,0x00000000e1b1a240,0x00000000e1e80000)
  to   space 7680K, 0% used [0x00000000e3480000,0x00000000e3480000,0x00000000e3c00000)
 ParOldGen       total 65536K, used 6444K [0x00000000a0000000, 0x00000000a4000000, 0x00000000e0000000)
  object space 65536K, 9% used [0x00000000a0000000,0x00000000a064b0b0,0x00000000a4000000)
 Metaspace       used 19204K, capacity 19818K, committed 20096K, reserved 1067008K
  class space    used 2726K, capacity 2899K, committed 2944K, reserved 1048576K
Event: 4.634 GC heap after
Heap after GC invocations=8 (full 0):
 PSYoungGen      total 53760K, used 4470K [0x00000000e0000000, 0x00000000e3c00000, 0x0000000100000000)
  eden space 46080K, 0% used [0x00000000e0000000,0x00000000e0000000,0x00000000e2d00000)
  from space 7680K, 58% used [0x00000000e3480000,0x00000000e38dd958,0x00000000e3c00000)
  to   space 7680K, 0% used [0x00000000e2d00000,0x00000000e2d00000,0x00000000e3480000)
 ParOldGen       total 65536K, used 7865K [0x00000000a0000000, 0x00000000a4000000, 0x00000000e0000000)
  object space 65536K, 12% used [0x00000000a0000000,0x00000000a07ae498,0x00000000a4000000)
 Metaspace       used 19204K, capacity 19818K, committed 20096K, reserved 1067008K
  class space    used 2726K, capacity 2899K, committed 2944K, reserved 1048576K
}
Event: 4.921 GC heap before
{Heap before GC invocations=9 (full 0):
 PSYoungGen      total 53760K, used 27956K [0x00000000e0000000, 0x00000000e3c00000, 0x0000000100000000)
  eden space 46080K, 50% used [0x00000000e0000000,0x00000000e16ef928,0x00000000e2d00000)
  from space 7680K, 58% used [0x00000000e3480000,0x00000000e38dd958,0x00000000e3c00000)
  to   space 7680K, 0% used [0x00000000e2d00000,0x00000000e2d00000,0x00000000e3480000)
 ParOldGen       total 65536K, used 7865K [0x00000000a0000000, 0x00000000a4000000, 0x00000000e0000000)
  object space 65536K, 12% used [0x00000000a0000000,0x00000000a07ae498,0x00000000a4000000)
 Metaspace       used 20616K, capacity 21250K, committed 21296K, reserved 1067008K
  class space    used 2962K, capacity 3175K, committed 3200K, reserved 1048576K
Event: 4.926 GC heap after
Heap after GC invocations=9 (full 0):
 PSYoungGen      total 53760K, used 3370K [0x00000000e0000000, 0x00000000e5700000, 0x0000000100000000)
  eden space 46080K, 0% used [0x00000000e0000000,0x00000000e0000000,0x00000000e2d00000)
  from space 7680K, 43% used [0x00000000e2d00000,0x00000000e304a968,0x00000000e3480000)
  to   space 7680K, 0% used [0x00000000e4f80000,0x00000000e4f80000,0x00000000e5700000)
 ParOldGen       total 65536K, used 9032K [0x00000000a0000000, 0x00000000a4000000, 0x00000000e0000000)
  object space 65536K, 13% used [0x00000000a0000000,0x00000000a08d21b8,0x00000000a4000000)
 Metaspace       used 20616K, capacity 21250K, committed 21296K, reserved 1067008K
  class space    used 2962K, capacity 3175K, committed 3200K, reserved 1048576K
}
Event: 4.926 GC heap before
{Heap before GC invocations=10 (full 1):
 PSYoungGen      total 53760K, used 3370K [0x00000000e0000000, 0x00000000e5700000, 0x0000000100000000)
  eden space 46080K, 0% used [0x00000000e0000000,0x00000000e0000000,0x00000000e2d00000)
  from space 7680K, 43% used [0x00000000e2d00000,0x00000000e304a968,0x00000000e3480000)
  to   space 7680K, 0% used [0x00000000e4f80000,0x00000000e4f80000,0x00000000e5700000)
 ParOldGen       total 65536K, used 9032K [0x00000000a0000000, 0x00000000a4000000, 0x00000000e0000000)
  object space 65536K, 13% used [0x00000000a0000000,0x00000000a08d21b8,0x00000000a4000000)
 Metaspace       used 20616K, capacity 21250K, committed 21296K, reserved 1067008K
  class space    used 2962K, capacity 3175K, committed 3200K, reserved 1048576K
Event: 4.968 GC heap after
Heap after GC invocations=10 (full 1):
 PSYoungGen      total 53760K, used 0K [0x00000000e0000000, 0x00000000e5700000, 0x0000000100000000)
  eden space 46080K, 0% used [0x00000000e0000000,0x00000000e0000000,0x00000000e2d00000)
  from space 7680K, 0% used [0x00000000e2d00000,0x00000000e2d00000,0x00000000e3480000)
  to   space 7680K, 0% used [0x00000000e4f80000,0x00000000e4f80000,0x00000000e5700000)
 ParOldGen       total 44544K, used 8244K [0x00000000a0000000, 0x00000000a2b80000, 0x00000000e0000000)
  object space 44544K, 18% used [0x00000000a0000000,0x00000000a080d2b0,0x00000000a2b80000)
 Metaspace       used 20616K, capacity 21250K, committed 21296K, reserved 1067008K
  class space    used 2962K, capacity 3175K, committed 3200K, reserved 1048576K
}
Event: 5.588 GC heap before
{Heap before GC invocations=11 (full 1):
 PSYoungGen      total 53760K, used 46080K [0x00000000e0000000, 0x00000000e5700000, 0x0000000100000000)
  eden space 46080K, 100% used [0x00000000e0000000,0x00000000e2d00000,0x00000000e2d00000)
  from space 7680K, 0% used [0x00000000e2d00000,0x00000000e2d00000,0x00000000e3480000)
  to   space 7680K, 0% used [0x00000000e4f80000,0x00000000e4f80000,0x00000000e5700000)
 ParOldGen       total 44544K, used 8244K [0x00000000a0000000, 0x00000000a2b80000, 0x00000000e0000000)
  object space 44544K, 18% used [0x00000000a0000000,0x00000000a080d2b0,0x00000000a2b80000)
 Metaspace       used 24749K, capacity 25550K, committed 25856K, reserved 1071104K
  class space    used 3538K, capacity 3737K, committed 3840K, reserved 1048576K
Event: 5.598 GC heap after
Heap after GC invocations=11 (full 1):
 PSYoungGen      total 69632K, used 4957K [0x00000000e0000000, 0x00000000e5480000, 0x0000000100000000)
  eden space 64512K, 0% used [0x00000000e0000000,0x00000000e0000000,0x00000000e3f00000)
  from space 5120K, 96% used [0x00000000e4f80000,0x00000000e5457748,0x00000000e5480000)
  to   space 7168K, 0% used [0x00000000e4680000,0x00000000e4680000,0x00000000e4d80000)
 ParOldGen       total 44544K, used 8252K [0x00000000a0000000, 0x00000000a2b80000, 0x00000000e0000000)
  object space 44544K, 18% used [0x00000000a0000000,0x00000000a080f2b0,0x00000000a2b80000)
 Metaspace       used 24749K, capacity 25550K, committed 25856K, reserved 1071104K
  class space    used 3538K, capacity 3737K, committed 3840K, reserved 1048576K
}
Event: 6.568 GC heap before
{Heap before GC invocations=12 (full 1):
 PSYoungGen      total 69632K, used 69469K [0x00000000e0000000, 0x00000000e5480000, 0x0000000100000000)
  eden space 64512K, 100% used [0x00000000e0000000,0x00000000e3f00000,0x00000000e3f00000)
  from space 5120K, 96% used [0x00000000e4f80000,0x00000000e5457748,0x00000000e5480000)
  to   space 7168K, 0% used [0x00000000e4680000,0x00000000e4680000,0x00000000e4d80000)
 ParOldGen       total 44544K, used 8252K [0x00000000a0000000, 0x00000000a2b80000, 0x00000000e0000000)
  object space 44544K, 18% used [0x00000000a0000000,0x00000000a080f2b0,0x00000000a2b80000)
 Metaspace       used 31850K, capacity 32808K, committed 32896K, reserved 1077248K
  class space    used 4419K, capacity 4672K, committed 4736K, reserved 1048576K
Event: 6.584 GC heap after
Heap after GC invocations=12 (full 1):
 PSYoungGen      total 71680K, used 7136K [0x00000000e0000000, 0x00000000e5480000, 0x0000000100000000)
  eden space 64512K, 0% used [0x00000000e0000000,0x00000000e0000000,0x00000000e3f00000)
  from space 7168K, 99% used [0x00000000e4680000,0x00000000e4d78128,0x00000000e4d80000)
  to   space 5120K, 0% used [0x00000000e4f80000,0x00000000e4f80000,0x00000000e5480000)
 ParOldGen       total 44544K, used 10654K [0x00000000a0000000, 0x00000000a2b80000, 0x00000000e0000000)
  object space 44544K, 23% used [0x00000000a0000000,0x00000000a0a67a30,0x00000000a2b80000)
 Metaspace       used 31850K, capacity 32808K, committed 32896K, reserved 1077248K
  class space    used 4419K, capacity 4672K, committed 4736K, reserved 1048576K
}

